\BOOKMARK [0][-]{section*.1}{\376\377\000D\000e\000c\000l\000a\000r\000a\000t\000i\000o\000n\000\040\000o\000f\000\040\000A\000u\000t\000h\000o\000r\000s\000h\000i\000p}{}% 1
\BOOKMARK [0][-]{section*.2}{\376\377\000A\000b\000s\000t\000r\000a\000c\000t}{}% 2
\BOOKMARK [0][-]{section*.3}{\376\377\000A\000c\000k\000n\000o\000w\000l\000e\000d\000g\000e\000m\000e\000n\000t\000s}{}% 3
\BOOKMARK [0][-]{chapter.15}{\376\377\000I\000n\000t\000r\000o\000d\000u\000c\000t\000i\000o\000n}{}% 4
\BOOKMARK [1][-]{section.16}{\376\377\000W\000h\000a\000t\000\040\000i\000s\000\040\000I\000m\000a\000g\000e\000\040\000S\000e\000g\000m\000e\000n\000t\000a\000t\000i\000o\000n}{chapter.15}% 5
\BOOKMARK [1][-]{section.17}{\376\377\000E\000n\000e\000r\000g\000y\000\040\000M\000i\000n\000i\000m\000i\000s\000a\000t\000i\000o\000n}{chapter.15}% 6
\BOOKMARK [1][-]{section.18}{\376\377\000L\000a\000b\000e\000l\000l\000i\000n\000g\000\040\000P\000r\000o\000b\000l\000e\000m\000s}{chapter.15}% 7
\BOOKMARK [1][-]{section.19}{\376\377\000L\000a\000b\000e\000l\000l\000i\000n\000g\000\040\000P\000r\000o\000b\000l\000e\000m\000s\000\040\000a\000s\000\040\000E\000n\000e\000r\000g\000y\000\040\000M\000i\000n\000i\000m\000i\000s\000a\000t\000i\000o\000n}{chapter.15}% 8
\BOOKMARK [1][-]{section.20}{\376\377\000E\000n\000e\000r\000g\000y\000\040\000M\000i\000n\000i\000m\000i\000s\000a\000t\000i\000o\000n\000\040\000A\000l\000g\000o\000r\000i\000t\000h\000m\000s\000\040\000a\000n\000d\000\040\000S\000p\000e\000c\000i\000a\000l\000\040\000C\000a\000s\000e\000s}{chapter.15}% 9
\BOOKMARK [1][-]{section.21}{\376\377\000T\000h\000e\000s\000i\000s\000\040\000O\000v\000e\000r\000v\000i\000e\000w}{chapter.15}% 10
\BOOKMARK [1][-]{section.22}{\376\377\000O\000t\000h\000e\000r\000\040\000t\000h\000i\000n\000g\000s\000\040\000t\000o\000\040\000t\000a\000l\000k\000\040\000a\000b\000o\000u\000t}{chapter.15}% 11
\BOOKMARK [1][-]{section.23}{\376\377\000O\000t\000h\000e\000r\000\040\000t\000h\000i\000n\000g\000s\000\040\000t\000o\000\040\000t\000a\000l\000k\000\040\000a\000b\000o\000u\000t\000\040\0002}{chapter.15}% 12
\BOOKMARK [1][-]{section.24}{\376\377\000I\000n\000\040\000C\000l\000o\000s\000i\000n\000g}{chapter.15}% 13
\BOOKMARK [0][-]{chapter.25}{\376\377\000M\000a\000t\000h\000e\000m\000a\000t\000i\000c\000a\000l\000\040\000B\000a\000c\000k\000g\000r\000o\000u\000n\000d}{}% 14
\BOOKMARK [1][-]{section.26}{\376\377\000G\000r\000a\000p\000h\000\040\000T\000h\000e\000o\000r\000y\000\040\000a\000n\000d\000\040\000F\000l\000o\000w\000\040\000N\000e\000t\000w\000o\000r\000k\000s}{chapter.25}% 15
\BOOKMARK [1][-]{section.41}{\376\377\000M\000a\000r\000k\000o\000v\000\040\000R\000a\000n\000d\000o\000m\000\040\000F\000i\000e\000l\000d\000s}{chapter.25}% 16
\BOOKMARK [2][-]{subsection.42}{\376\377\000M\000a\000r\000k\000o\000v\000\040\000R\000a\000n\000d\000o\000m\000\040\000F\000i\000e\000l\000d\000s\000\040\000T\000h\000e\000o\000r\000y\000\040\000a\000n\000d\000\040\000C\000o\000n\000c\000e\000p\000t\000s}{section.41}% 17
\BOOKMARK [2][-]{subsection.43}{\376\377\000M\000a\000r\000k\000o\000v\000\040\000R\000a\000n\000d\000o\000m\000\040\000F\000i\000e\000l\000d\000s\000\040\000i\000n\000\040\000I\000m\000a\000g\000e\000\040\000M\000o\000d\000e\000l\000l\000i\000n\000g\000\040\000f\000o\000r\000\040\000S\000e\000g\000m\000e\000n\000t\000a\000t\000i\000o\000n}{section.41}% 18
\BOOKMARK [2][-]{subsection.44}{\376\377\000M\000A\000P\000-\000M\000R\000F\000\040\000A\000p\000p\000r\000o\000x\000i\000a\000m\000t\000i\000o\000n\000\040\000v\000i\000a\000\040\000G\000r\000a\000p\000h\000\040\000C\000u\000t\000s}{section.41}% 19
\BOOKMARK [1][-]{section.45}{\376\377\000M\000a\000x\000-\000F\000l\000o\000w\000/\000M\000i\000n\000-\000C\000u\000t\000\040\000P\000r\000o\000b\000l\000e\000m}{chapter.25}% 20
\BOOKMARK [1][-]{section.46}{\376\377\000M\000o\000d\000e\000l\000l\000i\000n\000g\000\040\000I\000m\000a\000g\000e\000s\000\040\000a\000s\000\040\000M\000R\000F\000s}{chapter.25}% 21
\BOOKMARK [2][-]{subsection.47}{\376\377\000S\000u\000b\000-\000m\000o\000d\000u\000l\000a\000r\000i\000t\000y\000\040\000C\000o\000n\000d\000i\000t\000i\000o\000n\000s\000\040\000f\000o\000r\000\040\000D\000i\000s\000c\000r\000e\000t\000e\000\040\000S\000y\000s\000t\000e\000m\000s}{section.46}% 22
\BOOKMARK [2][-]{subsection.48}{\376\377\000C\000o\000n\000n\000e\000c\000t\000i\000v\000i\000t\000y}{section.46}% 23
\BOOKMARK [2][-]{subsection.49}{\376\377\000D\000i\000s\000t\000a\000n\000c\000e\000\040\000M\000e\000t\000r\000i\000c\000s}{section.46}% 24
\BOOKMARK [3][-]{section*.50}{\376\377\000E\000u\000c\000l\000i\000d\000e\000a\000n\000\040\000D\000i\000s\000t\000a\000n\000c\000e}{subsection.49}% 25
\BOOKMARK [3][-]{section*.51}{\376\377\000R\000i\000e\000m\000a\000n\000n\000i\000a\000n\000\040\000D\000i\000s\000t\000a\000n\000c\000e}{subsection.49}% 26
\BOOKMARK [3][-]{section*.52}{\376\377\000L\000e\000a\000r\000n\000e\000d\000\040\000D\000i\000s\000t\000a\000n\000c\000e\000\040\000f\000r\000o\000m\000\040\000S\000e\000e\000d\000s}{subsection.49}% 27
\BOOKMARK [1][-]{section.53}{\376\377\000M\000a\000x\000-\000F\000l\000o\000w\000/\000M\000i\000n\000-\000C\000u\000t\000\040\000A\000l\000g\000o\000r\000i\000t\000h\000m\000s}{chapter.25}% 28
\BOOKMARK [2][-]{subsection.54}{\376\377\000F\000o\000r\000d\000-\000F\000u\000l\000k\000e\000r\000s\000o\000n}{section.53}% 29
\BOOKMARK [2][-]{subsection.56}{\376\377\000D\000i\000n\000i\000c\000/\000E\000d\000m\000o\000n\000d\000-\000K\000a\000r\000p}{section.53}% 30
\BOOKMARK [2][-]{subsection.57}{\376\377\000P\000u\000s\000h\000-\000R\000e\000l\000a\000b\000e\000l}{section.53}% 31
\BOOKMARK [3][-]{section*.79}{\376\377\000P\000u\000s\000h\000-\000R\000e\000l\000a\000b\000e\000l\000\040\000S\000p\000e\000e\000d\000\040\000O\000p\000t\000i\000m\000i\000s\000a\000t\000i\000o\000n\000\040\000H\000e\000u\000r\000i\000s\000t\000i\000c\000s}{subsection.57}% 32
\BOOKMARK [2][-]{subsection.80}{\376\377\000A\000l\000p\000h\000a\000-\000B\000e\000t\000a\000\040\000S\000w\000a\000p}{section.53}% 33
\BOOKMARK [2][-]{subsection.81}{\376\377\000A\000l\000p\000h\000a\000-\000E\000x\000p\000a\000n\000s\000i\000o\000n}{section.53}% 34
\BOOKMARK [0][-]{chapter.82}{\376\377\000I\000n\000t\000e\000r\000a\000c\000t\000i\000v\000e\000\040\000S\000e\000g\000m\000e\000n\000t\000a\000t\000i\000o\000n\000\040\000o\000n\000\040\000S\000i\000n\000g\000l\000e\000\040\000C\000h\000a\000n\000n\000e\000l\000\040\000D\000a\000t\000a}{}% 35
\BOOKMARK [1][-]{section.83}{\376\377\000S\000e\000e\000d\000i\000n\000g}{chapter.82}% 36
\BOOKMARK [1][-]{section.84}{\376\377\000E\000s\000t\000i\000m\000a\000t\000i\000n\000g\000\040\000P\000r\000o\000b\000a\000b\000i\000l\000i\000t\000y\000\040\000D\000i\000s\000t\000r\000i\000b\000u\000t\000i\000o\000n\000s}{chapter.82}% 37
\BOOKMARK [2][-]{subsection.85}{\376\377\000E\000x\000p\000e\000c\000t\000a\000t\000i\000o\000n\000\040\000M\000a\000x\000i\000m\000i\000s\000a\000t\000i\000o\000n\000\040\000\050\000G\000u\000a\000s\000s\000i\000a\000n\000\040\000M\000i\000x\000t\000u\000r\000e\000\040\000M\000o\000d\000e\000l\000l\000i\000n\000g\000\051}{section.84}% 38
\BOOKMARK [3][-]{section*.86}{\376\377\000F\000i\000x\000e\000d\000-\000D\000i\000s\000t\000r\000i\000b\000u\000t\000i\000o\000n\000\040\000M\000o\000d\000e\000l\000l\000i\000n\000g}{subsection.85}% 39
\BOOKMARK [3][-]{section*.87}{\376\377\000A\000u\000t\000o\000m\000a\000t\000i\000c\000a\000l\000l\000y\000\040\000D\000e\000t\000e\000r\000m\000i\000n\000i\000n\000g\000\040\000t\000h\000e\000\040\000O\000p\000t\000i\000m\000a\000l\000\040\000N\000u\000m\000b\000e\000r\000\040\000o\000f\000\040\000M\000i\000x\000t\000u\000r\000e\000s}{subsection.85}% 40
\BOOKMARK [2][-]{subsection.88}{\376\377\000N\000a\000i\000v\000e\000\040\000B\000a\000y\000e\000s\000i\000a\000n\000\040\000C\000l\000a\000s\000s\000i\000f\000i\000c\000a\000t\000i\000o\000n}{section.84}% 41
\BOOKMARK [2][-]{subsection.89}{\376\377\000S\000u\000p\000e\000r\000v\000i\000s\000e\000d\000\040\000L\000e\000a\000r\000n\000i\000n\000g\000\040\000f\000o\000r\000\040\000M\000u\000l\000t\000i\000-\000L\000a\000y\000e\000r\000e\000d\000\040\000P\000e\000r\000c\000e\000p\000t\000r\000o\000n}{section.84}% 42
\BOOKMARK [0][-]{chapter.90}{\376\377\000I\000n\000t\000e\000r\000a\000c\000t\000i\000v\000e\000\040\000S\000e\000g\000m\000e\000n\000t\000a\000t\000i\000o\000n\000\040\000E\000x\000t\000e\000n\000t\000i\000o\000n\000\040\000t\000o\000\040\000M\000u\000l\000t\000i\000-\000C\000h\000a\000n\000n\000e\000l\000\040\000D\000a\000t\000a}{}% 43
\BOOKMARK [0][-]{chapter.91}{\376\377\000A\000u\000t\000o\000m\000a\000t\000i\000c\000\040\000G\000r\000a\000p\000h\000\040\000C\000u\000t\000\040\000S\000e\000g\000m\000e\000n\000t\000a\000t\000i\000o\000n}{}% 44
\BOOKMARK [1][-]{section.92}{\376\377\000D\000e\000t\000e\000r\000m\000i\000n\000i\000n\000g\000\040\000F\000G\000\040\000a\000n\000d\000\040\000B\000G\000\040\000s\000e\000e\000d\000s\000/\000p\000r\000o\000b\000a\000b\000i\000l\000i\000t\000y\000\040\000d\000i\000s\000t\000r\000i\000b\000u\000t\000i\000o\000n\000s}{chapter.91}% 45
\BOOKMARK [1][-]{section.93}{\376\377\000D\000e\000t\000e\000r\000m\000i\000n\000i\000n\000g\000\040\000O\000p\000t\000i\000m\000a\000l\000\040\000P\000a\000r\000a\000m\000t\000e\000r\000s\000\040\000S\000e\000t\000t\000i\000n\000g\000s}{chapter.91}% 46
\BOOKMARK [0][-]{chapter.94}{\376\377\000G\000r\000a\000p\000h\000\040\000C\000u\000t\000\040\000S\000o\000l\000u\000t\000i\000o\000n\000\040\000t\000o\000\040\000C\000h\000a\000n\000-\000V\000e\000s\000e\000\040\000S\000e\000g\000m\000e\000n\000t\000a\000t\000i\000o\000n}{}% 47
\BOOKMARK [0][-]{chapter.95}{\376\377\000P\000r\000e\000-\000P\000r\000o\000c\000e\000s\000s\000i\000n\000g\000\040\000a\000n\000d\000\040\000P\000o\000s\000t\000-\000P\000r\000o\000c\000e\000s\000s\000i\000n\000g\000\040\000T\000e\000c\000h\000n\000i\000q\000u\000e\000s}{}% 48
\BOOKMARK [1][-]{section.96}{\376\377\000R\000e\000m\000o\000v\000a\000l\000\040\000o\000f\000\040\000A\000r\000t\000i\000f\000a\000c\000t\000s\000\040\000u\000s\000i\000n\000g\000\040\000C\000o\000n\000n\000e\000c\000t\000e\000d\000\040\000C\000o\000m\000p\000o\000n\000e\000n\000t\000s}{chapter.95}% 49
\BOOKMARK [1][-]{section.97}{\376\377\000A\000n\000i\000s\000o\000t\000r\000o\000p\000i\000c\000\040\000D\000i\000f\000f\000u\000s\000i\000o\000n}{chapter.95}% 50
\BOOKMARK [2][-]{subsection.98}{\376\377\000C\000o\000h\000e\000r\000e\000n\000c\000e\000\040\000E\000n\000h\000a\000n\000c\000i\000n\000g\000\040\000D\000i\000f\000f\000u\000s\000i\000o\000n}{section.97}% 51
\BOOKMARK [2][-]{subsection.99}{\376\377\000C\000o\000h\000e\000r\000e\000n\000c\000e\000\040\000E\000n\000h\000a\000n\000c\000i\000n\000g\000\040\000D\000i\000f\000f\000u\000s\000i\000o\000n\000\040\000w\000i\000t\000h\000\040\000O\000p\000t\000i\000m\000i\000s\000e\000d\000\040\000R\000o\000t\000a\000t\000i\000o\000n\000a\000l\000\040\000I\000n\000v\000a\000r\000i\000a\000n\000c\000e}{section.97}% 52
\BOOKMARK [1][-]{section.100}{\376\377\000P\000o\000i\000s\000s\000o\000n\000\040\000D\000e\000n\000o\000i\000s\000i\000n\000g}{chapter.95}% 53
\BOOKMARK [2][-]{subsection.101}{\376\377\000T\000o\000t\000a\000l\000-\000V\000a\000r\000i\000a\000t\000i\000o\000n\000\040\000D\000e\000n\000o\000i\000s\000i\000n\000g}{section.100}% 54
\BOOKMARK [1][-]{section.102}{\376\377\000C\000o\000n\000t\000r\000a\000s\000t\000\040\000E\000n\000h\000a\000n\000c\000e\000m\000e\000n\000t}{chapter.95}% 55
\BOOKMARK [0][-]{chapter.103}{\376\377\000C\000a\000s\000e\000-\000S\000t\000u\000d\000y\000:\000\040\000F\000l\000o\000u\000r\000e\000s\000c\000e\000n\000c\000e\000\040\000M\000i\000c\000r\000o\000s\000c\000o\000p\000y\000\040\000C\000e\000l\000l\000\040\000S\000e\000g\000m\000e\000n\000t\000a\000t\000i\000o\000n}{}% 56
\BOOKMARK [1][-]{section.104}{\376\377\000R\000e\000m\000o\000v\000a\000l\000\040\000o\000f\000\040\000A\000r\000t\000i\000f\000a\000c\000t\000s\000\040\000u\000s\000i\000n\000g\000\040\000C\000o\000n\000n\000e\000c\000t\000e\000d\000\040\000C\000o\000m\000p\000o\000n\000e\000n\000t\000s}{chapter.103}% 57
\BOOKMARK [1][-]{section.105}{\376\377\000A\000n\000i\000s\000o\000t\000r\000o\000p\000i\000c\000\040\000D\000i\000f\000f\000u\000s\000i\000o\000n}{chapter.103}% 58
\BOOKMARK [2][-]{subsection.106}{\376\377\000C\000o\000h\000e\000r\000e\000n\000c\000e\000\040\000E\000n\000h\000a\000n\000c\000i\000n\000g\000\040\000D\000i\000f\000f\000u\000s\000i\000o\000n}{section.105}% 59
\BOOKMARK [2][-]{subsection.107}{\376\377\000C\000o\000h\000e\000r\000e\000n\000c\000e\000\040\000E\000n\000h\000a\000n\000c\000i\000n\000g\000\040\000D\000i\000f\000f\000u\000s\000i\000o\000n\000\040\000w\000i\000t\000h\000\040\000O\000p\000t\000i\000m\000i\000s\000e\000d\000\040\000R\000o\000t\000a\000t\000i\000o\000n\000a\000l\000\040\000I\000n\000v\000a\000r\000i\000a\000n\000c\000e}{section.105}% 60
\BOOKMARK [1][-]{section.108}{\376\377\000P\000o\000i\000s\000s\000o\000n\000\040\000D\000e\000n\000o\000i\000s\000i\000n\000g}{chapter.103}% 61
\BOOKMARK [2][-]{subsection.109}{\376\377\000T\000o\000t\000a\000l\000-\000V\000a\000r\000i\000a\000t\000i\000o\000n\000\040\000D\000e\000n\000o\000i\000s\000i\000n\000g}{section.108}% 62
\BOOKMARK [1][-]{section.110}{\376\377\000C\000o\000n\000t\000r\000a\000s\000t\000\040\000E\000n\000h\000a\000n\000c\000e\000m\000e\000n\000t}{chapter.103}% 63
\BOOKMARK [0][-]{appendix.111}{\376\377\000P\000r\000o\000o\000f\000\040\000o\000f\000\040\000M\000a\000x\000i\000m\000u\000m\000\040\000F\000l\000o\000w\000\040\000-\000\040\000M\000i\000n\000i\000m\000u\000m\000\040\000C\000u\000t\000\040\000E\000q\000u\000i\000v\000a\000l\000e\000n\000c\000e}{}% 64
\BOOKMARK [0][-]{appendix.112}{\376\377\000P\000u\000s\000h\000-\000R\000e\000l\000a\000b\000e\000l\000\040\000A\000l\000g\000o\000r\000i\000t\000h\000m\000\040\000A\000n\000a\000l\000y\000s\000i\000s\000\040\000a\000n\000d\000\040\000P\000r\000o\000o\000f\000\040\000o\000f\000\040\000C\000o\000r\000r\000e\000c\000t\000n\000e\000s\000s}{}% 65
